[debug] ----------------------------------------------------------------------
[debug] Command:      C:\Program Files\nodejs\node.exe C:\Users\daniel\AppData\Roaming\npm\node_modules\firebase-tools\bin\firebase serve
[debug] CLI Version:  3.2.1
[debug] Platform:     win32
[debug] Node Version: v6.9.4
[debug] Time:         Sun Jan 22 2017 12:28:27 GMT+0100 (Centr. Europa, normaltid)
[debug] ----------------------------------------------------------------------
[debug] 
[info] Starting Firebase development server...
[info] 
[info] Project Directory: C:\Users\daniel\Dropbox\Computer Science\Own Project\WebStorm Projects\depot
[info] Public Directory: public
[info] 
[info] Server listening at: http://localhost:5000
[debug] ----------------------------------------------------------------------
[debug] Command:      C:\Program Files\nodejs\node.exe C:\Users\daniel\AppData\Roaming\npm\node_modules\firebase-tools\bin\firebase serve
[debug] CLI Version:  3.2.1
[debug] Platform:     win32
[debug] Node Version: v6.9.4
[debug] Time:         Sun Jan 22 2017 15:00:39 GMT+0100 (Centr. Europa, normaltid)
[debug] ----------------------------------------------------------------------
[debug] 
[info] Starting Firebase development server...
[info] 
[info] Project Directory: C:\Users\daniel\Dropbox\Computer Science\Own Project\WebStorm Projects\depot
[info] Public Directory: public
[info] 
[info] Server listening at: http://localhost:5000
